# JRE version: Java(TM) SE Runtime Environment (17.0.11+7) (build 17.0.11+7-LTS-207)
# Java VM: Java HotSpot(TM) 64-Bit Server VM (17.0.11+7-LTS-207, mixed mode, sharing, tiered, compressed oops, compressed class ptrs, g1 gc, windows-amd64)
GC Precious Log:
 CPUs: 8 total, 8 available
 Memory: 7915M
 Large Page Support: Disabled
 NUMA Support: Disabled
 Compressed Oops: Enabled (32-bit)
 Heap Region Size: 1M
 Heap Min Capacity: 8M
 Heap Initial Capacity: 124M
 Heap Max Capacity: 1980M
 Pre-touch: Disabled
 Parallel Workers: 8
 Concurrent Workers: 2
 Concurrent Refinement Workers: 8
 Periodic GC: Disabled
Heap:
 garbage-first heap   total 102400K, used 69264K [0x0000000084400000, 0x0000000100000000)
  region size 1024K, 50 young (51200K), 1 survivors (1024K)
 Metaspace       used 53886K, committed 54464K, reserved 1114112K
  class space    used 7417K, committed 7680K, reserved 1048576K
GC Heap History (20 events):
Event: 1.897 GC heap before
{Heap before GC invocations=0 (full 0):
 garbage-first heap   total 126976K, used 24576K [0x0000000084400000, 0x0000000100000000)
  region size 1024K, 23 young (23552K), 0 survivors (0K)
 Metaspace       used 6245K, committed 6464K, reserved 1114112K
  class space    used 736K, committed 832K, reserved 1048576K
}
Event: 1.904 GC heap after
{Heap after GC invocations=1 (full 0):
 garbage-first heap   total 126976K, used 7360K [0x0000000084400000, 0x0000000100000000)
  region size 1024K, 3 young (3072K), 3 survivors (3072K)
 Metaspace       used 6245K, committed 6464K, reserved 1114112K
  class space    used 736K, committed 832K, reserved 1048576K
}
Event: 2.446 GC heap before
{Heap before GC invocations=1 (full 0):
 garbage-first heap   total 126976K, used 33984K [0x0000000084400000, 0x0000000100000000)
  region size 1024K, 30 young (30720K), 3 survivors (3072K)
 Metaspace       used 13264K, committed 13440K, reserved 1114112K
  class space    used 1602K, committed 1664K, reserved 1048576K
}
Event: 2.452 GC heap after
{Heap after GC invocations=2 (full 0):
 garbage-first heap   total 126976K, used 10103K [0x0000000084400000, 0x0000000100000000)
  region size 1024K, 3 young (3072K), 3 survivors (3072K)
 Metaspace       used 13264K, committed 13440K, reserved 1114112K
  class space    used 1602K, committed 1664K, reserved 1048576K
}
Event: 4.570 GC heap before
{Heap before GC invocations=2 (full 0):
 garbage-first heap   total 126976K, used 59255K [0x0000000084400000, 0x0000000100000000)
  region size 1024K, 53 young (54272K), 3 survivors (3072K)
 Metaspace       used 21248K, committed 21504K, reserved 1114112K
  class space    used 2639K, committed 2752K, reserved 1048576K
}
Event: 4.582 GC heap after
{Heap after GC invocations=3 (full 0):
 garbage-first heap   total 126976K, used 13991K [0x0000000084400000, 0x0000000100000000)
  region size 1024K, 7 young (7168K), 7 survivors (7168K)
 Metaspace       used 21248K, committed 21504K, reserved 1114112K
  class space    used 2639K, committed 2752K, reserved 1048576K
}
Event: 5.379 GC heap before
{Heap before GC invocations=4 (full 0):
 garbage-first heap   total 55296K, used 39591K [0x0000000084400000, 0x0000000100000000)
  region size 1024K, 32 young (32768K), 7 survivors (7168K)
 Metaspace       used 26536K, committed 26944K, reserved 1114112K
  class space    used 3375K, committed 3584K, reserved 1048576K
}
Event: 5.391 GC heap after
{Heap after GC invocations=5 (full 0):
 garbage-first heap   total 55296K, used 16965K [0x0000000084400000, 0x0000000100000000)
  region size 1024K, 4 young (4096K), 4 survivors (4096K)
 Metaspace       used 26536K, committed 26944K, reserved 1114112K
  class space    used 3375K, committed 3584K, reserved 1048576K
}
Event: 5.410 GC heap before
{Heap before GC invocations=5 (full 0):
 garbage-first heap   total 55296K, used 17989K [0x0000000084400000, 0x0000000100000000)
  region size 1024K, 5 young (5120K), 4 survivors (4096K)
 Metaspace       used 26781K, committed 27200K, reserved 1114112K
  class space    used 3392K, committed 3584K, reserved 1048576K
}
Event: 5.417 GC heap after
{Heap after GC invocations=6 (full 0):
 garbage-first heap   total 55296K, used 17079K [0x0000000084400000, 0x0000000100000000)
  region size 1024K, 1 young (1024K), 1 survivors (1024K)
 Metaspace       used 26781K, committed 27200K, reserved 1114112K
  class space    used 3392K, committed 3584K, reserved 1048576K
}
Event: 6.547 GC heap before
{Heap before GC invocations=6 (full 0):
 garbage-first heap   total 55296K, used 37559K [0x0000000084400000, 0x0000000100000000)
  region size 1024K, 21 young (21504K), 1 survivors (1024K)
 Metaspace       used 30685K, committed 31104K, reserved 1114112K
  class space    used 3889K, committed 4096K, reserved 1048576K
}
Event: 6.549 GC heap after
{Heap after GC invocations=7 (full 0):
 garbage-first heap   total 55296K, used 17810K [0x0000000084400000, 0x0000000100000000)
  region size 1024K, 2 young (2048K), 2 survivors (2048K)
 Metaspace       used 30685K, committed 31104K, reserved 1114112K
  class space    used 3889K, committed 4096K, reserved 1048576K
}
Event: 7.034 GC heap before
{Heap before GC invocations=7 (full 0):
 garbage-first heap   total 55296K, used 39314K [0x0000000084400000, 0x0000000100000000)
  region size 1024K, 23 young (23552K), 2 survivors (2048K)
 Metaspace       used 35504K, committed 35968K, reserved 1114112K
  class space    used 4697K, committed 4928K, reserved 1048576K
}
Event: 7.036 GC heap after
{Heap after GC invocations=8 (full 0):
 garbage-first heap   total 55296K, used 18819K [0x0000000084400000, 0x0000000100000000)
  region size 1024K, 3 young (3072K), 3 survivors (3072K)
 Metaspace       used 35504K, committed 35968K, reserved 1114112K
  class space    used 4697K, committed 4928K, reserved 1048576K
}
Event: 7.039 GC heap before
{Heap before GC invocations=8 (full 0):
 garbage-first heap   total 55296K, used 18819K [0x0000000084400000, 0x0000000100000000)
  region size 1024K, 4 young (4096K), 3 survivors (3072K)
 Metaspace       used 35523K, committed 35968K, reserved 1114112K
  class space    used 4701K, committed 4928K, reserved 1048576K
}
Event: 7.041 GC heap after
{Heap after GC invocations=9 (full 0):
 garbage-first heap   total 55296K, used 18873K [0x0000000084400000, 0x0000000100000000)
  region size 1024K, 2 young (2048K), 2 survivors (2048K)
 Metaspace       used 35523K, committed 35968K, reserved 1114112K
  class space    used 4701K, committed 4928K, reserved 1048576K
}
Event: 7.717 GC heap before
{Heap before GC invocations=10 (full 0):
 garbage-first heap   total 55296K, used 39353K [0x0000000084400000, 0x0000000100000000)
  region size 1024K, 23 young (23552K), 2 survivors (2048K)
 Metaspace       used 41188K, committed 41664K, reserved 1114112K
  class space    used 5474K, committed 5696K, reserved 1048576K
}
Event: 7.720 GC heap after
{Heap after GC invocations=11 (full 0):
 garbage-first heap   total 102400K, used 20087K [0x0000000084400000, 0x0000000100000000)
  region size 1024K, 3 young (3072K), 3 survivors (3072K)
 Metaspace       used 41188K, committed 41664K, reserved 1114112K
  class space    used 5474K, committed 5696K, reserved 1048576K
}
Event: 7.759 GC heap before
{Heap before GC invocations=11 (full 0):
 garbage-first heap   total 102400K, used 21111K [0x0000000084400000, 0x0000000100000000)
  region size 1024K, 5 young (5120K), 3 survivors (3072K)
 Metaspace       used 41558K, committed 41984K, reserved 1114112K
  class space    used 5524K, committed 5696K, reserved 1048576K
}
Event: 7.761 GC heap after
{Heap after GC invocations=12 (full 0):
 garbage-first heap   total 102400K, used 20112K [0x0000000084400000, 0x0000000100000000)
  region size 1024K, 1 young (1024K), 1 survivors (1024K)
 Metaspace       used 41558K, committed 41984K, reserved 1114112K
  class space    used 5524K, committed 5696K, reserved 1048576K
}

